# JRE version: Java(TM) SE Runtime Environment (8.0_60-b27) (build 1.8.0_60-b27)
# Java VM: Java HotSpot(TM) 64-Bit Server VM (25.60-b23 mixed mode bsd-amd64 compressed oops)
Heap:
 PSYoungGen      total 306688K, used 105137K [0x00000007aab00000, 0x00000007bed00000, 0x00000007c0000000)
  eden space 303104K, 34% used [0x00000007aab00000,0x00000007b11ac7a0,0x00000007bd300000)
  from space 3584K, 0% used [0x00000007bd300000,0x00000007bd300000,0x00000007bd680000)
  to   space 13312K, 0% used [0x00000007be000000,0x00000007be000000,0x00000007bed00000)
 ParOldGen       total 90624K, used 45006K [0x0000000780000000, 0x0000000785880000, 0x00000007aab00000)
  object space 90624K, 49% used [0x0000000780000000,0x0000000782bf3870,0x0000000785880000)
 Metaspace       used 57903K, capacity 67500K, committed 68352K, reserved 1107968K
  class space    used 7638K, capacity 10529K, committed 10752K, reserved 1048576K
GC Heap History (10 events):
Event: 11684.172 GC heap before
{Heap before GC invocations=98 (full 39):
 PSYoungGen      total 306176K, used 2886K [0x00000007aab00000, 0x00000007bf000000, 0x00000007c0000000)
  eden space 303104K, 0% used [0x00000007aab00000,0x00000007aab00000,0x00000007bd300000)
  from space 3072K, 93% used [0x00000007bd300000,0x00000007bd5d1a60,0x00000007bd600000)
  to   space 14848K, 0% used [0x00000007be180000,0x00000007be180000,0x00000007bf000000)
 ParOldGen       total 90624K, used 43984K [0x0000000780000000, 0x0000000785880000, 0x00000007aab00000)
  object space 90624K, 48% used [0x0000000780000000,0x0000000782af43b0,0x0000000785880000)
 Metaspace       used 57292K, capacity 66158K, committed 67968K, reserved 1105920K
  class space    used 7525K, capacity 10246K, committed 10624K, reserved 1048576K
Event: 11684.475 GC heap after
Heap after GC invocations=98 (full 39):
 PSYoungGen      total 306176K, used 0K [0x00000007aab00000, 0x00000007bf000000, 0x00000007c0000000)
  eden space 303104K, 0% used [0x00000007aab00000,0x00000007aab00000,0x00000007bd300000)
  from space 3072K, 0% used [0x00000007bd300000,0x00000007bd300000,0x00000007bd600000)
  to   space 14848K, 0% used [0x00000007be180000,0x00000007be180000,0x00000007bf000000)
 ParOldGen       total 90624K, used 46110K [0x0000000780000000, 0x0000000785880000, 0x00000007aab00000)
  object space 90624K, 50% used [0x0000000780000000,0x0000000782d07a80,0x0000000785880000)
 Metaspace       used 57292K, capacity 66158K, committed 67968K, reserved 1105920K
  class space    used 7525K, capacity 10246K, committed 10624K, reserved 1048576K
}
Event: 11856.833 GC heap before
{Heap before GC invocations=99 (full 39):
 PSYoungGen      total 306176K, used 218161K [0x00000007aab00000, 0x00000007bf000000, 0x00000007c0000000)
  eden space 303104K, 71% used [0x00000007aab00000,0x00000007b800c7a8,0x00000007bd300000)
  from space 3072K, 0% used [0x00000007bd300000,0x00000007bd300000,0x00000007bd600000)
  to   space 14848K, 0% used [0x00000007be180000,0x00000007be180000,0x00000007bf000000)
 ParOldGen       total 90624K, used 46110K [0x0000000780000000, 0x0000000785880000, 0x00000007aab00000)
  object space 90624K, 50% used [0x0000000780000000,0x0000000782d07a80,0x0000000785880000)
 Metaspace       used 57745K, capacity 67178K, committed 68224K, reserved 1107968K
  class space    used 7614K, capacity 10446K, committed 10624K, reserved 1048576K
Event: 11856.837 GC heap after
Heap after GC invocations=99 (full 39):
 PSYoungGen      total 316928K, used 2527K [0x00000007aab00000, 0x00000007bef00000, 0x00000007c0000000)
  eden space 303104K, 0% used [0x00000007aab00000,0x00000007aab00000,0x00000007bd300000)
  from space 13824K, 18% used [0x00000007be180000,0x00000007be3f7c70,0x00000007bef00000)
  to   space 14336K, 0% used [0x00000007bd300000,0x00000007bd300000,0x00000007be100000)
 ParOldGen       total 90624K, used 46118K [0x0000000780000000, 0x0000000785880000, 0x00000007aab00000)
  object space 90624K, 50% used [0x0000000780000000,0x0000000782d09a80,0x0000000785880000)
 Metaspace       used 57745K, capacity 67178K, committed 68224K, reserved 1107968K
  class space    used 7614K, capacity 10446K, committed 10624K, reserved 1048576K
}
Event: 11856.838 GC heap before
{Heap before GC invocations=100 (full 40):
 PSYoungGen      total 316928K, used 2527K [0x00000007aab00000, 0x00000007bef00000, 0x00000007c0000000)
  eden space 303104K, 0% used [0x00000007aab00000,0x00000007aab00000,0x00000007bd300000)
  from space 13824K, 18% used [0x00000007be180000,0x00000007be3f7c70,0x00000007bef00000)
  to   space 14336K, 0% used [0x00000007bd300000,0x00000007bd300000,0x00000007be100000)
 ParOldGen       total 90624K, used 46118K [0x0000000780000000, 0x0000000785880000, 0x00000007aab00000)
  object space 90624K, 50% used [0x0000000780000000,0x0000000782d09a80,0x0000000785880000)
 Metaspace       used 57745K, capacity 67178K, committed 68224K, reserved 1107968K
  class space    used 7614K, capacity 10446K, committed 10624K, reserved 1048576K
Event: 11857.202 GC heap after
Heap after GC invocations=100 (full 40):
 PSYoungGen      total 316928K, used 0K [0x00000007aab00000, 0x00000007bef00000, 0x00000007c0000000)
  eden space 303104K, 0% used [0x00000007aab00000,0x00000007aab00000,0x00000007bd300000)
  from space 13824K, 0% used [0x00000007be180000,0x00000007be180000,0x00000007bef00000)
  to   space 14336K, 0% used [0x00000007bd300000,0x00000007bd300000,0x00000007be100000)
 ParOldGen       total 90624K, used 43893K [0x0000000780000000, 0x0000000785880000, 0x00000007aab00000)
  object space 90624K, 48% used [0x0000000780000000,0x0000000782add650,0x0000000785880000)
 Metaspace       used 57727K, capacity 67148K, committed 68224K, reserved 1107968K
  class space    used 7611K, capacity 10441K, committed 10624K, reserved 1048576K
}
Event: 12039.937 GC heap before
{Heap before GC invocations=101 (full 40):
 PSYoungGen      total 316928K, used 100820K [0x00000007aab00000, 0x00000007bef00000, 0x00000007c0000000)
  eden space 303104K, 33% used [0x00000007aab00000,0x00000007b0d75120,0x00000007bd300000)
  from space 13824K, 0% used [0x00000007be180000,0x00000007be180000,0x00000007bef00000)
  to   space 14336K, 0% used [0x00000007bd300000,0x00000007bd300000,0x00000007be100000)
 ParOldGen       total 90624K, used 43893K [0x0000000780000000, 0x0000000785880000, 0x00000007aab00000)
  object space 90624K, 48% used [0x0000000780000000,0x0000000782add650,0x0000000785880000)
 Metaspace       used 57779K, capacity 67266K, committed 68352K, reserved 1107968K
  class space    used 7619K, capacity 10475K, committed 10752K, reserved 1048576K
Event: 12039.944 GC heap after
Heap after GC invocations=101 (full 40):
 PSYoungGen      total 306688K, used 3502K [0x00000007aab00000, 0x00000007bed00000, 0x00000007c0000000)
  eden space 303104K, 0% used [0x00000007aab00000,0x00000007aab00000,0x00000007bd300000)
  from space 3584K, 97% used [0x00000007bd300000,0x00000007bd66bb90,0x00000007bd680000)
  to   space 13312K, 0% used [0x00000007be000000,0x00000007be000000,0x00000007bed00000)
 ParOldGen       total 90624K, used 43901K [0x0000000780000000, 0x0000000785880000, 0x00000007aab00000)
  object space 90624K, 48% used [0x0000000780000000,0x0000000782adf650,0x0000000785880000)
 Metaspace       used 57779K, capacity 67266K, committed 68352K, reserved 1107968K
  class space    used 7619K, capacity 10475K, committed 10752K, reserved 1048576K
}
Event: 12039.944 GC heap before
{Heap before GC invocations=102 (full 41):
 PSYoungGen      total 306688K, used 3502K [0x00000007aab00000, 0x00000007bed00000, 0x00000007c0000000)
  eden space 303104K, 0% used [0x00000007aab00000,0x00000007aab00000,0x00000007bd300000)
  from space 3584K, 97% used [0x00000007bd300000,0x00000007bd66bb90,0x00000007bd680000)
  to   space 13312K, 0% used [0x00000007be000000,0x00000007be000000,0x00000007bed00000)
 ParOldGen       total 90624K, used 43901K [0x0000000780000000, 0x0000000785880000, 0x00000007aab00000)
  object space 90624K, 48% used [0x0000000780000000,0x0000000782adf650,0x0000000785880000)
 Metaspace       used 57779K, capacity 67266K, committed 68352K, reserved 1107968K
  class space    used 7619K, capacity 10475K, committed 10752K, reserved 1048576K
Event: 12040.145 GC heap after
Heap after GC invocations=102 (full 41):
 PSYoungGen      total 306688K, used 0K [0x00000007aab00000, 0x00000007bed00000, 0x00000007c0000000)
  eden space 303104K, 0% used [0x00000007aab00000,0x00000007aab00000,0x00000007bd300000)
  from space 3584K, 0% used [0x00000007bd300000,0x00000007bd300000,0x00000007bd680000)
  to   space 13312K, 0% used [0x00000007be000000,0x00000007be000000,0x00000007bed00000)
 ParOldGen       total 90624K, used 45006K [0x0000000780000000, 0x0000000785880000, 0x00000007aab00000)
  object space 90624K, 49% used [0x0000000780000000,0x0000000782bf3870,0x0000000785880000)
 Metaspace       used 57779K, capacity 67266K, committed 68352K, reserved 1107968K
  class space    used 7619K, capacity 10475K, committed 10752K, reserved 1048576K
}

